{"C:\\Users\\johnw\\GiftMate-App\\expo-env.d.ts": {"path":"C:\\Users\\johnw\\GiftMate-App\\expo-env.d.ts","statementMap":{},"fnMap":{},"branchMap":{},"s":{},"f":{},"b":{}}
,"C:\\Users\\johnw\\GiftMate-App\\jest.config.js": {"path":"C:\\Users\\johnw\\GiftMate-App\\jest.config.js","statementMap":{"0":{"start":{"line":1,"column":0},"end":{"line":19,"column":1}}},"fnMap":{},"branchMap":{},"s":{"0":0},"f":{},"b":{}}
,"C:\\Users\\johnw\\GiftMate-App\\.expo\\types\\router.d.ts": {"path":"C:\\Users\\johnw\\GiftMate-App\\.expo\\types\\router.d.ts","statementMap":{},"fnMap":{},"branchMap":{},"s":{},"f":{},"b":{}}
,"C:\\Users\\johnw\\GiftMate-App\\app\\+not-found.tsx": {"path":"C:\\Users\\johnw\\GiftMate-App\\app\\+not-found.tsx","statementMap":{"0":{"start":{"line":5,"column":2},"end":{"line":15,"column":4}},"1":{"start":{"line":18,"column":15},"end":{"line":33,"column":2}}},"fnMap":{"0":{"name":"NotFoundScreen","decl":{"start":{"line":4,"column":24},"end":{"line":4,"column":38}},"loc":{"start":{"line":4,"column":41},"end":{"line":16,"column":1}},"line":4}},"branchMap":{},"s":{"0":0,"1":0},"f":{"0":0},"b":{}}
,"C:\\Users\\johnw\\GiftMate-App\\app\\_layout.tsx": {"path":"C:\\Users\\johnw\\GiftMate-App\\app\\_layout.tsx","statementMap":{"0":{"start":{"line":10,"column":29},"end":{"line":10,"column":48}},"1":{"start":{"line":12,"column":2},"end":{"line":14,"column":3}},"2":{"start":{"line":13,"column":4},"end":{"line":13,"column":43}},"3":{"start":{"line":16,"column":2},"end":{"line":20,"column":4}}},"fnMap":{"0":{"name":"RootLayout","decl":{"start":{"line":9,"column":24},"end":{"line":9,"column":34}},"loc":{"start":{"line":9,"column":37},"end":{"line":21,"column":1}},"line":9}},"branchMap":{"0":{"loc":{"start":{"line":12,"column":2},"end":{"line":14,"column":3}},"type":"if","locations":[{"start":{"line":12,"column":2},"end":{"line":14,"column":3}},{"start":{},"end":{}}],"line":12}},"s":{"0":0,"1":0,"2":0,"3":0},"f":{"0":0},"b":{"0":[0,0]}}
,"C:\\Users\\johnw\\GiftMate-App\\app\\gifts.tsx": {"path":"C:\\Users\\johnw\\GiftMate-App\\app\\gifts.tsx","statementMap":{"0":{"start":{"line":7,"column":19},"end":{"line":7,"column":32}},"1":{"start":{"line":8,"column":32},"end":{"line":8,"column":50}},"2":{"start":{"line":10,"column":2},"end":{"line":27,"column":4}},"3":{"start":{"line":14,"column":8},"end":{"line":23,"column":10}},"4":{"start":{"line":25,"column":30},"end":{"line":25,"column":37}}},"fnMap":{"0":{"name":"GiftsScreen","decl":{"start":{"line":6,"column":24},"end":{"line":6,"column":35}},"loc":{"start":{"line":6,"column":38},"end":{"line":28,"column":1}},"line":6},"1":{"name":"(anonymous_1)","decl":{"start":{"line":13,"column":18},"end":{"line":13,"column":19}},"loc":{"start":{"line":14,"column":8},"end":{"line":23,"column":10}},"line":14},"2":{"name":"(anonymous_2)","decl":{"start":{"line":25,"column":20},"end":{"line":25,"column":21}},"loc":{"start":{"line":25,"column":30},"end":{"line":25,"column":37}},"line":25}},"branchMap":{},"s":{"0":0,"1":0,"2":0,"3":0,"4":0},"f":{"0":0,"1":0,"2":0},"b":{}}
,"C:\\Users\\johnw\\GiftMate-App\\app\\(tabs)\\_layout.tsx": {"path":"C:\\Users\\johnw\\GiftMate-App\\app\\(tabs)\\_layout.tsx","statementMap":{"0":{"start":{"line":6,"column":2},"end":{"line":44,"column":4}},"1":{"start":{"line":19,"column":43},"end":{"line":19,"column":81}},"2":{"start":{"line":26,"column":43},"end":{"line":26,"column":77}},"3":{"start":{"line":33,"column":43},"end":{"line":33,"column":77}},"4":{"start":{"line":40,"column":43},"end":{"line":40,"column":81}},"5":{"start":{"line":47,"column":15},"end":{"line":62,"column":2}}},"fnMap":{"0":{"name":"TabLayout","decl":{"start":{"line":5,"column":24},"end":{"line":5,"column":33}},"loc":{"start":{"line":5,"column":36},"end":{"line":45,"column":1}},"line":5},"1":{"name":"(anonymous_1)","decl":{"start":{"line":19,"column":22},"end":{"line":19,"column":23}},"loc":{"start":{"line":19,"column":43},"end":{"line":19,"column":81}},"line":19},"2":{"name":"(anonymous_2)","decl":{"start":{"line":26,"column":22},"end":{"line":26,"column":23}},"loc":{"start":{"line":26,"column":43},"end":{"line":26,"column":77}},"line":26},"3":{"name":"(anonymous_3)","decl":{"start":{"line":33,"column":22},"end":{"line":33,"column":23}},"loc":{"start":{"line":33,"column":43},"end":{"line":33,"column":77}},"line":33},"4":{"name":"(anonymous_4)","decl":{"start":{"line":40,"column":22},"end":{"line":40,"column":23}},"loc":{"start":{"line":40,"column":43},"end":{"line":40,"column":81}},"line":40}},"branchMap":{},"s":{"0":0,"1":0,"2":0,"3":0,"4":0,"5":0},"f":{"0":0,"1":0,"2":0,"3":0,"4":0},"b":{}}
,"C:\\Users\\johnw\\GiftMate-App\\app\\(tabs)\\gifts.tsx": {"path":"C:\\Users\\johnw\\GiftMate-App\\app\\(tabs)\\gifts.tsx","statementMap":{"0":{"start":{"line":12,"column":26},"end":{"line":29,"column":1}},"1":{"start":{"line":32,"column":21},"end":{"line":44,"column":3}},"2":{"start":{"line":33,"column":4},"end":{"line":43,"column":23}},"3":{"start":{"line":46,"column":2},"end":{"line":55,"column":4}},"4":{"start":{"line":51,"column":32},"end":{"line":51,"column":39}},"5":{"start":{"line":58,"column":15},"end":{"line":108,"column":2}}},"fnMap":{"0":{"name":"GiftsScreen","decl":{"start":{"line":31,"column":24},"end":{"line":31,"column":35}},"loc":{"start":{"line":31,"column":38},"end":{"line":56,"column":1}},"line":31},"1":{"name":"(anonymous_1)","decl":{"start":{"line":32,"column":21},"end":{"line":32,"column":22}},"loc":{"start":{"line":33,"column":4},"end":{"line":43,"column":23}},"line":33},"2":{"name":"(anonymous_2)","decl":{"start":{"line":51,"column":22},"end":{"line":51,"column":23}},"loc":{"start":{"line":51,"column":32},"end":{"line":51,"column":39}},"line":51}},"branchMap":{},"s":{"0":0,"1":0,"2":0,"3":0,"4":0,"5":0},"f":{"0":0,"1":0,"2":0},"b":{}}
,"C:\\Users\\johnw\\GiftMate-App\\app\\(tabs)\\index.tsx": {"path":"C:\\Users\\johnw\\GiftMate-App\\app\\(tabs)\\index.tsx","statementMap":{"0":{"start":{"line":26,"column":28},"end":{"line":79,"column":1}},"1":{"start":{"line":82,"column":44},"end":{"line":82,"column":72}},"2":{"start":{"line":84,"column":25},"end":{"line":92,"column":3}},"3":{"start":{"line":85,"column":4},"end":{"line":91,"column":23}},"4":{"start":{"line":94,"column":25},"end":{"line":102,"column":3}},"5":{"start":{"line":95,"column":4},"end":{"line":101,"column":23}},"6":{"start":{"line":104,"column":22},"end":{"line":153,"column":3}},"7":{"start":{"line":105,"column":4},"end":{"line":152,"column":23}},"8":{"start":{"line":107,"column":21},"end":{"line":107,"column":82}},"9":{"start":{"line":155,"column":2},"end":{"line":169,"column":4}},"10":{"start":{"line":160,"column":32},"end":{"line":160,"column":39}},"11":{"start":{"line":172,"column":15},"end":{"line":306,"column":2}}},"fnMap":{"0":{"name":"EventsScreen","decl":{"start":{"line":81,"column":24},"end":{"line":81,"column":36}},"loc":{"start":{"line":81,"column":39},"end":{"line":170,"column":1}},"line":81},"1":{"name":"(anonymous_1)","decl":{"start":{"line":84,"column":25},"end":{"line":84,"column":26}},"loc":{"start":{"line":85,"column":4},"end":{"line":91,"column":23}},"line":85},"2":{"name":"(anonymous_2)","decl":{"start":{"line":94,"column":25},"end":{"line":94,"column":26}},"loc":{"start":{"line":95,"column":4},"end":{"line":101,"column":23}},"line":95},"3":{"name":"(anonymous_3)","decl":{"start":{"line":104,"column":22},"end":{"line":104,"column":23}},"loc":{"start":{"line":105,"column":4},"end":{"line":152,"column":23}},"line":105},"4":{"name":"(anonymous_4)","decl":{"start":{"line":107,"column":15},"end":{"line":107,"column":16}},"loc":{"start":{"line":107,"column":21},"end":{"line":107,"column":82}},"line":107},"5":{"name":"(anonymous_5)","decl":{"start":{"line":160,"column":22},"end":{"line":160,"column":23}},"loc":{"start":{"line":160,"column":32},"end":{"line":160,"column":39}},"line":160}},"branchMap":{"0":{"loc":{"start":{"line":106,"column":32},"end":{"line":106,"column":89}},"type":"binary-expr","locations":[{"start":{"line":106,"column":32},"end":{"line":106,"column":61}},{"start":{"line":106,"column":65},"end":{"line":106,"column":89}}],"line":106},"1":{"loc":{"start":{"line":107,"column":38},"end":{"line":107,"column":81}},"type":"cond-expr","locations":[{"start":{"line":107,"column":70},"end":{"line":107,"column":74}},{"start":{"line":107,"column":77},"end":{"line":107,"column":81}}],"line":107},"2":{"loc":{"start":{"line":116,"column":9},"end":{"line":150,"column":9}},"type":"binary-expr","locations":[{"start":{"line":116,"column":9},"end":{"line":116,"column":38}},{"start":{"line":117,"column":10},"end":{"line":149,"column":17}}],"line":116},"3":{"loc":{"start":{"line":118,"column":13},"end":{"line":132,"column":13}},"type":"binary-expr","locations":[{"start":{"line":118,"column":13},"end":{"line":118,"column":27}},{"start":{"line":119,"column":14},"end":{"line":131,"column":21}}],"line":118},"4":{"loc":{"start":{"line":134,"column":13},"end":{"line":148,"column":13}},"type":"binary-expr","locations":[{"start":{"line":134,"column":13},"end":{"line":134,"column":27}},{"start":{"line":135,"column":14},"end":{"line":147,"column":21}}],"line":134}},"s":{"0":0,"1":0,"2":0,"3":0,"4":0,"5":0,"6":0,"7":0,"8":0,"9":0,"10":0,"11":0},"f":{"0":0,"1":0,"2":0,"3":0,"4":0,"5":0},"b":{"0":[0,0],"1":[0,0],"2":[0,0],"3":[0,0],"4":[0,0]}}
,"C:\\Users\\johnw\\GiftMate-App\\app\\(tabs)\\reminders.tsx": {"path":"C:\\Users\\johnw\\GiftMate-App\\app\\(tabs)\\reminders.tsx","statementMap":{"0":{"start":{"line":5,"column":44},"end":{"line":5,"column":58}},"1":{"start":{"line":6,"column":60},"end":{"line":6,"column":74}},"2":{"start":{"line":7,"column":48},"end":{"line":7,"column":63}},"3":{"start":{"line":8,"column":50},"end":{"line":8,"column":64}},"4":{"start":{"line":9,"column":48},"end":{"line":9,"column":62}},"5":{"start":{"line":10,"column":40},"end":{"line":10,"column":54}},"6":{"start":{"line":12,"column":21},"end":{"line":15,"column":1}},"7":{"start":{"line":13,"column":61},"end":{"line":13,"column":88}},"8":{"start":{"line":13,"column":67},"end":{"line":13,"column":88}},"9":{"start":{"line":13,"column":82},"end":{"line":13,"column":87}},"10":{"start":{"line":17,"column":2},"end":{"line":75,"column":4}},"11":{"start":{"line":25,"column":33},"end":{"line":25,"column":55}},"12":{"start":{"line":33,"column":33},"end":{"line":33,"column":64}},"13":{"start":{"line":41,"column":33},"end":{"line":41,"column":58}},"14":{"start":{"line":53,"column":33},"end":{"line":53,"column":59}},"15":{"start":{"line":61,"column":33},"end":{"line":61,"column":58}},"16":{"start":{"line":69,"column":33},"end":{"line":69,"column":54}},"17":{"start":{"line":78,"column":15},"end":{"line":107,"column":2}}},"fnMap":{"0":{"name":"RemindersScreen","decl":{"start":{"line":4,"column":24},"end":{"line":4,"column":39}},"loc":{"start":{"line":4,"column":42},"end":{"line":76,"column":1}},"line":4},"1":{"name":"(anonymous_1)","decl":{"start":{"line":13,"column":2},"end":{"line":13,"column":3}},"loc":{"start":{"line":13,"column":61},"end":{"line":13,"column":88}},"line":13},"2":{"name":"(anonymous_2)","decl":{"start":{"line":13,"column":61},"end":{"line":13,"column":62}},"loc":{"start":{"line":13,"column":67},"end":{"line":13,"column":88}},"line":13},"3":{"name":"(anonymous_3)","decl":{"start":{"line":13,"column":74},"end":{"line":13,"column":75}},"loc":{"start":{"line":13,"column":82},"end":{"line":13,"column":87}},"line":13},"4":{"name":"(anonymous_4)","decl":{"start":{"line":25,"column":27},"end":{"line":25,"column":28}},"loc":{"start":{"line":25,"column":33},"end":{"line":25,"column":55}},"line":25},"5":{"name":"(anonymous_5)","decl":{"start":{"line":33,"column":27},"end":{"line":33,"column":28}},"loc":{"start":{"line":33,"column":33},"end":{"line":33,"column":64}},"line":33},"6":{"name":"(anonymous_6)","decl":{"start":{"line":41,"column":27},"end":{"line":41,"column":28}},"loc":{"start":{"line":41,"column":33},"end":{"line":41,"column":58}},"line":41},"7":{"name":"(anonymous_7)","decl":{"start":{"line":53,"column":27},"end":{"line":53,"column":28}},"loc":{"start":{"line":53,"column":33},"end":{"line":53,"column":59}},"line":53},"8":{"name":"(anonymous_8)","decl":{"start":{"line":61,"column":27},"end":{"line":61,"column":28}},"loc":{"start":{"line":61,"column":33},"end":{"line":61,"column":58}},"line":61},"9":{"name":"(anonymous_9)","decl":{"start":{"line":69,"column":27},"end":{"line":69,"column":28}},"loc":{"start":{"line":69,"column":33},"end":{"line":69,"column":54}},"line":69}},"branchMap":{},"s":{"0":0,"1":0,"2":0,"3":0,"4":0,"5":0,"6":0,"7":0,"8":0,"9":0,"10":0,"11":0,"12":0,"13":0,"14":0,"15":0,"16":0,"17":0},"f":{"0":0,"1":0,"2":0,"3":0,"4":0,"5":0,"6":0,"7":0,"8":0,"9":0},"b":{}}
,"C:\\Users\\johnw\\GiftMate-App\\app\\(tabs)\\settings.tsx": {"path":"C:\\Users\\johnw\\GiftMate-App\\app\\(tabs)\\settings.tsx","statementMap":{"0":{"start":{"line":6,"column":48},"end":{"line":6,"column":63}},"1":{"start":{"line":7,"column":34},"end":{"line":7,"column":49}},"2":{"start":{"line":9,"column":2},"end":{"line":63,"column":4}},"3":{"start":{"line":66,"column":15},"end":{"line":107,"column":2}}},"fnMap":{"0":{"name":"SettingsScreen","decl":{"start":{"line":5,"column":24},"end":{"line":5,"column":38}},"loc":{"start":{"line":5,"column":41},"end":{"line":64,"column":1}},"line":5}},"branchMap":{},"s":{"0":0,"1":0,"2":0,"3":0},"f":{"0":0},"b":{}}
,"C:\\Users\\johnw\\GiftMate-App\\components\\ErrorBoundary.tsx": {"path":"C:\\Users\\johnw\\GiftMate-App\\components\\ErrorBoundary.tsx","statementMap":{"0":{"start":{"line":27,"column":17},"end":{"line":43,"column":4}}},"fnMap":{"0":{"name":"ErrorBoundary","decl":{"start":{"line":16,"column":24},"end":{"line":16,"column":37}},"loc":{"start":{"line":26,"column":3},"end":{"line":44,"column":1}},"line":26}},"branchMap":{},"s":{"0":0},"f":{"0":0},"b":{}}
,"C:\\Users\\johnw\\GiftMate-App\\components\\LoadingScreen.tsx": {"path":"C:\\Users\\johnw\\GiftMate-App\\components\\LoadingScreen.tsx","statementMap":{"0":{"start":{"line":10,"column":29},"end":{"line":43,"column":1}},"1":{"start":{"line":11,"column":20},"end":{"line":11,"column":30}},"2":{"start":{"line":13,"column":2},"end":{"line":42,"column":4}},"3":{"start":{"line":45,"column":15},"end":{"line":74,"column":2}}},"fnMap":{"0":{"name":"(anonymous_0)","decl":{"start":{"line":10,"column":29},"end":{"line":10,"column":30}},"loc":{"start":{"line":10,"column":74},"end":{"line":43,"column":1}},"line":10}},"branchMap":{"0":{"loc":{"start":{"line":22,"column":9},"end":{"line":29,"column":9}},"type":"binary-expr","locations":[{"start":{"line":22,"column":9},"end":{"line":22,"column":31}},{"start":{"line":23,"column":10},"end":{"line":28,"column":17}}],"line":22},"1":{"loc":{"start":{"line":32,"column":11},"end":{"line":32,"column":58}},"type":"cond-expr","locations":[{"start":{"line":32,"column":19},"end":{"line":32,"column":43}},{"start":{"line":32,"column":46},"end":{"line":32,"column":58}}],"line":32},"2":{"loc":{"start":{"line":35,"column":9},"end":{"line":39,"column":9}},"type":"binary-expr","locations":[{"start":{"line":35,"column":9},"end":{"line":35,"column":14}},{"start":{"line":36,"column":10},"end":{"line":38,"column":17}}],"line":35}},"s":{"0":0,"1":0,"2":0,"3":0},"f":{"0":0},"b":{"0":[0,0],"1":[0,0],"2":[0,0]}}
,"C:\\Users\\johnw\\GiftMate-App\\components\\SettingsScreen.tsx": {"path":"C:\\Users\\johnw\\GiftMate-App\\components\\SettingsScreen.tsx","statementMap":{"0":{"start":{"line":8,"column":20},"end":{"line":8,"column":30}},"1":{"start":{"line":10,"column":2},"end":{"line":21,"column":4}},"2":{"start":{"line":24,"column":15},"end":{"line":44,"column":2}}},"fnMap":{"0":{"name":"SettingsScreen","decl":{"start":{"line":7,"column":24},"end":{"line":7,"column":38}},"loc":{"start":{"line":7,"column":41},"end":{"line":22,"column":1}},"line":7}},"branchMap":{},"s":{"0":0,"1":0,"2":0},"f":{"0":0},"b":{}}
,"C:\\Users\\johnw\\GiftMate-App\\components\\ThemeToggle.tsx": {"path":"C:\\Users\\johnw\\GiftMate-App\\components\\ThemeToggle.tsx","statementMap":{"0":{"start":{"line":6,"column":20},"end":{"line":23,"column":1}},"1":{"start":{"line":7,"column":38},"end":{"line":7,"column":48}},"2":{"start":{"line":9,"column":2},"end":{"line":22,"column":4}},"3":{"start":{"line":25,"column":15},"end":{"line":31,"column":2}}},"fnMap":{"0":{"name":"(anonymous_0)","decl":{"start":{"line":6,"column":20},"end":{"line":6,"column":21}},"loc":{"start":{"line":6,"column":26},"end":{"line":23,"column":1}},"line":6}},"branchMap":{"0":{"loc":{"start":{"line":13,"column":26},"end":{"line":13,"column":85}},"type":"cond-expr","locations":[{"start":{"line":13,"column":39},"end":{"line":13,"column":61}},{"start":{"line":13,"column":64},"end":{"line":13,"column":85}}],"line":13},"1":{"loc":{"start":{"line":16,"column":7},"end":{"line":20,"column":7}},"type":"cond-expr","locations":[{"start":{"line":17,"column":8},"end":{"line":17,"column":52}},{"start":{"line":19,"column":8},"end":{"line":19,"column":51}}],"line":16}},"s":{"0":0,"1":0,"2":0,"3":0},"f":{"0":0},"b":{"0":[0,0],"1":[0,0]}}
,"C:\\Users\\johnw\\GiftMate-App\\hooks\\useApi.ts": {"path":"C:\\Users\\johnw\\GiftMate-App\\hooks\\useApi.ts","statementMap":{},"fnMap":{"0":{"name":"useApi","decl":{"start":{"line":16,"column":16},"end":{"line":16,"column":22}},"loc":{"start":{"line":16,"column":64},"end":{"line":18,"column":1}},"line":16}},"branchMap":{},"s":{},"f":{"0":0},"b":{}}
,"C:\\Users\\johnw\\GiftMate-App\\hooks\\useFrameworkReady.ts": {"path":"C:\\Users\\johnw\\GiftMate-App\\hooks\\useFrameworkReady.ts","statementMap":{"0":{"start":{"line":10,"column":28},"end":{"line":10,"column":43}},"1":{"start":{"line":11,"column":28},"end":{"line":11,"column":56}},"2":{"start":{"line":13,"column":2},"end":{"line":25,"column":9}},"3":{"start":{"line":14,"column":4},"end":{"line":17,"column":5}},"4":{"start":{"line":15,"column":6},"end":{"line":15,"column":21}},"5":{"start":{"line":16,"column":6},"end":{"line":16,"column":13}},"6":{"start":{"line":19,"column":4},"end":{"line":24,"column":7}},"7":{"start":{"line":20,"column":6},"end":{"line":22,"column":7}},"8":{"start":{"line":21,"column":8},"end":{"line":21,"column":69}},"9":{"start":{"line":23,"column":6},"end":{"line":23,"column":21}},"10":{"start":{"line":27,"column":2},"end":{"line":27,"column":26}}},"fnMap":{"0":{"name":"useFrameworkReady","decl":{"start":{"line":9,"column":16},"end":{"line":9,"column":33}},"loc":{"start":{"line":9,"column":36},"end":{"line":28,"column":1}},"line":9},"1":{"name":"(anonymous_1)","decl":{"start":{"line":13,"column":12},"end":{"line":13,"column":13}},"loc":{"start":{"line":13,"column":18},"end":{"line":25,"column":3}},"line":13},"2":{"name":"(anonymous_2)","decl":{"start":{"line":19,"column":26},"end":{"line":19,"column":27}},"loc":{"start":{"line":19,"column":35},"end":{"line":24,"column":5}},"line":19}},"branchMap":{"0":{"loc":{"start":{"line":14,"column":4},"end":{"line":17,"column":5}},"type":"if","locations":[{"start":{"line":14,"column":4},"end":{"line":17,"column":5}},{"start":{},"end":{}}],"line":14},"1":{"loc":{"start":{"line":20,"column":6},"end":{"line":22,"column":7}},"type":"if","locations":[{"start":{"line":20,"column":6},"end":{"line":22,"column":7}},{"start":{},"end":{}}],"line":20}},"s":{"0":0,"1":0,"2":0,"3":0,"4":0,"5":0,"6":0,"7":0,"8":0,"9":0,"10":0},"f":{"0":0,"1":0,"2":0},"b":{"0":[0,0],"1":[0,0]}}
,"C:\\Users\\johnw\\GiftMate-App\\hooks\\useLocalPartners.ts": {"path":"C:\\Users\\johnw\\GiftMate-App\\hooks\\useLocalPartners.ts","statementMap":{"0":{"start":{"line":15,"column":32},"end":{"line":68,"column":1}},"1":{"start":{"line":16,"column":34},"end":{"line":16,"column":62}},"2":{"start":{"line":17,"column":32},"end":{"line":17,"column":46}},"3":{"start":{"line":18,"column":19},"end":{"line":18,"column":32}},"4":{"start":{"line":20,"column":2},"end":{"line":65,"column":59}},"5":{"start":{"line":21,"column":4},"end":{"line":21,"column":58}},"6":{"start":{"line":21,"column":51},"end":{"line":21,"column":58}},"7":{"start":{"line":23,"column":26},"end":{"line":48,"column":5}},"8":{"start":{"line":24,"column":6},"end":{"line":24,"column":23}},"9":{"start":{"line":25,"column":6},"end":{"line":47,"column":7}},"10":{"start":{"line":26,"column":32},"end":{"line":31,"column":12}},"11":{"start":{"line":33,"column":8},"end":{"line":33,"column":31}},"12":{"start":{"line":33,"column":19},"end":{"line":33,"column":31}},"13":{"start":{"line":35,"column":8},"end":{"line":42,"column":13}},"14":{"start":{"line":35,"column":48},"end":{"line":42,"column":9}},"15":{"start":{"line":44,"column":8},"end":{"line":44,"column":57}},"16":{"start":{"line":46,"column":8},"end":{"line":46,"column":26}},"17":{"start":{"line":50,"column":4},"end":{"line":50,"column":20}},"18":{"start":{"line":53,"column":20},"end":{"line":60,"column":18}},"19":{"start":{"line":59,"column":15},"end":{"line":59,"column":30}},"20":{"start":{"line":62,"column":4},"end":{"line":64,"column":6}},"21":{"start":{"line":63,"column":6},"end":{"line":63,"column":28}},"22":{"start":{"line":67,"column":2},"end":{"line":67,"column":31}}},"fnMap":{"0":{"name":"(anonymous_0)","decl":{"start":{"line":15,"column":32},"end":{"line":15,"column":33}},"loc":{"start":{"line":15,"column":54},"end":{"line":68,"column":1}},"line":15},"1":{"name":"(anonymous_1)","decl":{"start":{"line":20,"column":12},"end":{"line":20,"column":13}},"loc":{"start":{"line":20,"column":18},"end":{"line":65,"column":3}},"line":20},"2":{"name":"(anonymous_2)","decl":{"start":{"line":23,"column":26},"end":{"line":23,"column":27}},"loc":{"start":{"line":23,"column":38},"end":{"line":48,"column":5}},"line":23},"3":{"name":"(anonymous_3)","decl":{"start":{"line":35,"column":29},"end":{"line":35,"column":30}},"loc":{"start":{"line":35,"column":48},"end":{"line":42,"column":9}},"line":35},"4":{"name":"(anonymous_4)","decl":{"start":{"line":59,"column":9},"end":{"line":59,"column":10}},"loc":{"start":{"line":59,"column":15},"end":{"line":59,"column":30}},"line":59},"5":{"name":"(anonymous_5)","decl":{"start":{"line":62,"column":11},"end":{"line":62,"column":12}},"loc":{"start":{"line":62,"column":17},"end":{"line":64,"column":5}},"line":62}},"branchMap":{"0":{"loc":{"start":{"line":15,"column":33},"end":{"line":15,"column":49}},"type":"default-arg","locations":[{"start":{"line":15,"column":47},"end":{"line":15,"column":49}}],"line":15},"1":{"loc":{"start":{"line":21,"column":4},"end":{"line":21,"column":58}},"type":"if","locations":[{"start":{"line":21,"column":4},"end":{"line":21,"column":58}},{"start":{},"end":{}}],"line":21},"2":{"loc":{"start":{"line":21,"column":8},"end":{"line":21,"column":49}},"type":"binary-expr","locations":[{"start":{"line":21,"column":8},"end":{"line":21,"column":26}},{"start":{"line":21,"column":30},"end":{"line":21,"column":49}}],"line":21},"3":{"loc":{"start":{"line":33,"column":8},"end":{"line":33,"column":31}},"type":"if","locations":[{"start":{"line":33,"column":8},"end":{"line":33,"column":31}},{"start":{},"end":{}}],"line":33}},"s":{"0":0,"1":0,"2":0,"3":0,"4":0,"5":0,"6":0,"7":0,"8":0,"9":0,"10":0,"11":0,"12":0,"13":0,"14":0,"15":0,"16":0,"17":0,"18":0,"19":0,"20":0,"21":0,"22":0},"f":{"0":0,"1":0,"2":0,"3":0,"4":0,"5":0},"b":{"0":[0],"1":[0,0],"2":[0,0],"3":[0,0]}}
,"C:\\Users\\johnw\\GiftMate-App\\hooks\\useLocation.ts": {"path":"C:\\Users\\johnw\\GiftMate-App\\hooks\\useLocation.ts","statementMap":{"0":{"start":{"line":10,"column":27},"end":{"line":37,"column":1}},"1":{"start":{"line":11,"column":34},"end":{"line":14,"column":4}},"2":{"start":{"line":16,"column":2},"end":{"line":34,"column":9}},"3":{"start":{"line":17,"column":4},"end":{"line":33,"column":9}},"4":{"start":{"line":18,"column":23},"end":{"line":18,"column":73}},"5":{"start":{"line":19,"column":6},"end":{"line":22,"column":7}},"6":{"start":{"line":20,"column":8},"end":{"line":20,"column":71}},"7":{"start":{"line":20,"column":29},"end":{"line":20,"column":68}},"8":{"start":{"line":21,"column":8},"end":{"line":21,"column":15}},"9":{"start":{"line":24,"column":6},"end":{"line":32,"column":7}},"10":{"start":{"line":25,"column":23},"end":{"line":25,"column":65}},"11":{"start":{"line":26,"column":8},"end":{"line":29,"column":11}},"12":{"start":{"line":31,"column":8},"end":{"line":31,"column":76}},"13":{"start":{"line":31,"column":29},"end":{"line":31,"column":73}},"14":{"start":{"line":36,"column":2},"end":{"line":36,"column":18}}},"fnMap":{"0":{"name":"(anonymous_0)","decl":{"start":{"line":10,"column":27},"end":{"line":10,"column":28}},"loc":{"start":{"line":10,"column":33},"end":{"line":37,"column":1}},"line":10},"1":{"name":"(anonymous_1)","decl":{"start":{"line":16,"column":12},"end":{"line":16,"column":13}},"loc":{"start":{"line":16,"column":18},"end":{"line":34,"column":3}},"line":16},"2":{"name":"(anonymous_2)","decl":{"start":{"line":17,"column":5},"end":{"line":17,"column":6}},"loc":{"start":{"line":17,"column":17},"end":{"line":33,"column":5}},"line":17},"3":{"name":"(anonymous_3)","decl":{"start":{"line":20,"column":20},"end":{"line":20,"column":21}},"loc":{"start":{"line":20,"column":29},"end":{"line":20,"column":68}},"line":20},"4":{"name":"(anonymous_4)","decl":{"start":{"line":31,"column":20},"end":{"line":31,"column":21}},"loc":{"start":{"line":31,"column":29},"end":{"line":31,"column":73}},"line":31}},"branchMap":{"0":{"loc":{"start":{"line":19,"column":6},"end":{"line":22,"column":7}},"type":"if","locations":[{"start":{"line":19,"column":6},"end":{"line":22,"column":7}},{"start":{},"end":{}}],"line":19}},"s":{"0":0,"1":0,"2":0,"3":0,"4":0,"5":0,"6":0,"7":0,"8":0,"9":0,"10":0,"11":0,"12":0,"13":0,"14":0},"f":{"0":0,"1":0,"2":0,"3":0,"4":0},"b":{"0":[0,0]}}
,"C:\\Users\\johnw\\GiftMate-App\\hooks\\useTrackActivity.ts": {"path":"C:\\Users\\johnw\\GiftMate-App\\hooks\\useTrackActivity.ts","statementMap":{"0":{"start":{"line":6,"column":32},"end":{"line":27,"column":1}},"1":{"start":{"line":7,"column":24},"end":{"line":24,"column":8}},"2":{"start":{"line":8,"column":31},"end":{"line":8,"column":60}},"3":{"start":{"line":10,"column":4},"end":{"line":10,"column":22}},"4":{"start":{"line":10,"column":15},"end":{"line":10,"column":22}},"5":{"start":{"line":12,"column":22},"end":{"line":19,"column":9}},"6":{"start":{"line":21,"column":4},"end":{"line":23,"column":5}},"7":{"start":{"line":22,"column":6},"end":{"line":22,"column":55}},"8":{"start":{"line":26,"column":2},"end":{"line":26,"column":27}}},"fnMap":{"0":{"name":"(anonymous_0)","decl":{"start":{"line":6,"column":32},"end":{"line":6,"column":33}},"loc":{"start":{"line":6,"column":38},"end":{"line":27,"column":1}},"line":6},"1":{"name":"(anonymous_1)","decl":{"start":{"line":7,"column":36},"end":{"line":7,"column":37}},"loc":{"start":{"line":7,"column":90},"end":{"line":24,"column":3}},"line":7}},"branchMap":{"0":{"loc":{"start":{"line":10,"column":4},"end":{"line":10,"column":22}},"type":"if","locations":[{"start":{"line":10,"column":4},"end":{"line":10,"column":22}},{"start":{},"end":{}}],"line":10},"1":{"loc":{"start":{"line":21,"column":4},"end":{"line":23,"column":5}},"type":"if","locations":[{"start":{"line":21,"column":4},"end":{"line":23,"column":5}},{"start":{},"end":{}}],"line":21}},"s":{"0":0,"1":0,"2":0,"3":0,"4":0,"5":0,"6":0,"7":0,"8":0},"f":{"0":0,"1":0},"b":{"0":[0,0],"1":[0,0]}}
,"C:\\Users\\johnw\\GiftMate-App\\lib\\supabase.ts": {"path":"C:\\Users\\johnw\\GiftMate-App\\lib\\supabase.ts","statementMap":{"0":{"start":{"line":4,"column":20},"end":{"line":4,"column":60}},"1":{"start":{"line":5,"column":20},"end":{"line":5,"column":60}},"2":{"start":{"line":7,"column":0},"end":{"line":9,"column":1}},"3":{"start":{"line":8,"column":2},"end":{"line":8,"column":69}},"4":{"start":{"line":11,"column":24},"end":{"line":18,"column":2}}},"fnMap":{},"branchMap":{"0":{"loc":{"start":{"line":7,"column":0},"end":{"line":9,"column":1}},"type":"if","locations":[{"start":{"line":7,"column":0},"end":{"line":9,"column":1}},{"start":{},"end":{}}],"line":7},"1":{"loc":{"start":{"line":7,"column":4},"end":{"line":7,"column":32}},"type":"binary-expr","locations":[{"start":{"line":7,"column":4},"end":{"line":7,"column":16}},{"start":{"line":7,"column":20},"end":{"line":7,"column":32}}],"line":7}},"s":{"0":0,"1":0,"2":0,"3":0,"4":0},"f":{},"b":{"0":[0,0],"1":[0,0]}}
}
